<?xml version="1.0" encoding="UTF-8"?>
<!-- Generated by org.testng.reporters.JUnitXMLReporter -->
<testsuite hostname="DESKTOP-5VVJH30" ignored="1" name="Regression Test" tests="3" failures="0" timestamp="2020-01-24T21:44:36 EST" time="42.195" errors="0">
  <testcase name="leaveLabelvalidation" time="10.935" classname="com.hrms.testcases.LeaveListPageTest"/>
  <testcase name="leaveLabelvalidation1" time="10.089" classname="com.hrms.testcases.LeaveListPageTest"/>
  <testcase name="negativeLogin" time="5.454" classname="com.hrms.testcases.LoginPageTest"/>
  <testcase name="login" time="0.0" classname="com.hrms.testcases.LoginPageTest">
    <ignored/>
  </testcase> <!-- login -->
</testsuite> <!-- Regression Test -->
