<?xml version="1.0" encoding="UTF-8"?>
<testng-results skipped="0" failed="0" ignored="1" total="4" passed="3">
  <reporter-output>
  </reporter-output>
  <suite name="Regression Suite" duration-ms="42195" started-at="2020-01-24T21:43:54 EST" finished-at="2020-01-24T21:44:36 EST">
    <groups>
      <group name="regression">
        <method signature="LeaveListPageTest.leaveLabelvalidation()[pri:0, instance:com.hrms.testcases.LeaveListPageTest@d44fc21]" name="leaveLabelvalidation" class="com.hrms.testcases.LeaveListPageTest"/>
        <method signature="LeaveListPageTest.leaveLabelvalidation1()[pri:0, instance:com.hrms.testcases.LeaveListPageTest@d44fc21]" name="leaveLabelvalidation1" class="com.hrms.testcases.LeaveListPageTest"/>
        <method signature="LoginPageTest.negativeLogin()[pri:0, instance:com.hrms.testcases.LoginPageTest@23faf8f2]" name="negativeLogin" class="com.hrms.testcases.LoginPageTest"/>
      </group> <!-- regression -->
    </groups>
    <test name="Regression Test" duration-ms="42195" started-at="2020-01-24T21:43:54 EST" finished-at="2020-01-24T21:44:36 EST">
      <class name="com.hrms.testcases.LeaveListPageTest">
        <test-method status="PASS" signature="setUp()[pri:0, instance:com.hrms.testcases.LeaveListPageTest@d44fc21]" name="setUp" is-config="true" duration-ms="5408" started-at="2020-01-24T21:43:54 EST" finished-at="2020-01-24T21:43:59 EST">
          <reporter-output>
          </reporter-output>
        </test-method> <!-- setUp -->
        <test-method status="PASS" signature="leaveLabelvalidation()[pri:0, instance:com.hrms.testcases.LeaveListPageTest@d44fc21]" name="leaveLabelvalidation" duration-ms="10935" started-at="2020-01-24T21:43:59 EST" finished-at="2020-01-24T21:44:10 EST">
          <reporter-output>
          </reporter-output>
        </test-method> <!-- leaveLabelvalidation -->
        <test-method status="PASS" signature="tearDown()[pri:0, instance:com.hrms.testcases.LeaveListPageTest@d44fc21]" name="tearDown" is-config="true" duration-ms="712" started-at="2020-01-24T21:44:10 EST" finished-at="2020-01-24T21:44:11 EST">
          <reporter-output>
          </reporter-output>
        </test-method> <!-- tearDown -->
        <test-method status="PASS" signature="setUp()[pri:0, instance:com.hrms.testcases.LeaveListPageTest@d44fc21]" name="setUp" is-config="true" duration-ms="3922" started-at="2020-01-24T21:44:11 EST" finished-at="2020-01-24T21:44:15 EST">
          <reporter-output>
          </reporter-output>
        </test-method> <!-- setUp -->
        <test-method status="PASS" signature="leaveLabelvalidation1()[pri:0, instance:com.hrms.testcases.LeaveListPageTest@d44fc21]" name="leaveLabelvalidation1" duration-ms="10089" started-at="2020-01-24T21:44:15 EST" finished-at="2020-01-24T21:44:25 EST">
          <reporter-output>
          </reporter-output>
        </test-method> <!-- leaveLabelvalidation1 -->
        <test-method status="PASS" signature="tearDown()[pri:0, instance:com.hrms.testcases.LeaveListPageTest@d44fc21]" name="tearDown" is-config="true" duration-ms="668" started-at="2020-01-24T21:44:25 EST" finished-at="2020-01-24T21:44:26 EST">
          <reporter-output>
          </reporter-output>
        </test-method> <!-- tearDown -->
      </class> <!-- com.hrms.testcases.LeaveListPageTest -->
      <class name="com.hrms.testcases.LoginPageTest">
        <test-method status="PASS" signature="setUp()[pri:0, instance:com.hrms.testcases.LoginPageTest@23faf8f2]" name="setUp" is-config="true" duration-ms="4213" started-at="2020-01-24T21:44:26 EST" finished-at="2020-01-24T21:44:30 EST">
          <reporter-output>
          </reporter-output>
        </test-method> <!-- setUp -->
        <test-method status="PASS" signature="negativeLogin()[pri:0, instance:com.hrms.testcases.LoginPageTest@23faf8f2]" name="negativeLogin" duration-ms="5454" started-at="2020-01-24T21:44:30 EST" finished-at="2020-01-24T21:44:35 EST">
          <reporter-output>
          </reporter-output>
        </test-method> <!-- negativeLogin -->
        <test-method status="PASS" signature="tearDown()[pri:0, instance:com.hrms.testcases.LoginPageTest@23faf8f2]" name="tearDown" is-config="true" duration-ms="735" started-at="2020-01-24T21:44:35 EST" finished-at="2020-01-24T21:44:36 EST">
          <reporter-output>
          </reporter-output>
        </test-method> <!-- tearDown -->
      </class> <!-- com.hrms.testcases.LoginPageTest -->
    </test> <!-- Regression Test -->
  </suite> <!-- Regression Suite -->
</testng-results>
